#
# There is insufficient memory for the Java Runtime Environment to continue.
# Native memory allocation (malloc) failed to allocate 818576 bytes for Chunk::new
# Possible reasons:
#   The system is out of physical RAM or swap space
#   In 32 bit mode, the process size limit was hit
# Possible solutions:
#   Reduce memory load on the system
#   Increase physical memory or swap space
#   Check if swap backing store is full
#   Use 64 bit Java on a 64 bit OS
#   Decrease Java heap size (-Xmx/-Xms)
#   Decrease number of Java threads
#   Decrease Java thread stack sizes (-Xss)
#   Set larger code cache with -XX:ReservedCodeCacheSize=
# This output file may be truncated or incomplete.
#
#  Out of Memory Error (allocation.cpp:390), pid=9584, tid=0x0000000000001eb4
#
# JRE version: Java(TM) SE Runtime Environment (8.0_121-b13) (build 1.8.0_121-b13)
# Java VM: Java HotSpot(TM) 64-Bit Server VM (25.121-b13 mixed mode windows-amd64 compressed oops)
# Failed to write core dump. Minidumps are not enabled by default on client versions of Windows
#

---------------  T H R E A D  ---------------

Current thread (0x000000001472f000):  JavaThread "C2 CompilerThread1" daemon [_thread_in_native, id=7860, stack(0x0000000015e80000,0x0000000015f80000)]

Stack: [0x0000000015e80000,0x0000000015f80000]
[error occurred during error reporting (printing stack bounds), id 0xc0000005]

Native frames: (J=compiled Java code, j=interpreted, Vv=VM code, C=native code)


Current CompileTask:
C2:8605378 4115 % !   4       org.springframework.beans.factory.support.DefaultListableBeanFactory::doGetBeanNamesForType @ 20 (506 bytes)


---------------  P R O C E S S  ---------------

Java Threads: ( => current thread )
  0x0000000016a20800 JavaThread "restartedMain" [_thread_in_native, id=1928, stack(0x00000000171c0000,0x00000000172c0000)]
  0x0000000016a1d800 JavaThread "Thread-6" [_thread_blocked, id=3864, stack(0x0000000016fc0000,0x00000000170c0000)]
  0x0000000016a1d000 JavaThread "DestroyJavaVM" [_thread_blocked, id=4900, stack(0x0000000001f40000,0x0000000002040000)]
  0x000000001946c800 JavaThread "Live Reload Server" daemon [_thread_in_native, id=10756, stack(0x000000001c570000,0x000000001c670000)]
  0x000000001477e000 JavaThread "Service Thread" daemon [_thread_blocked, id=10420, stack(0x0000000016480000,0x0000000016580000)]
  0x0000000014735000 JavaThread "C1 CompilerThread2" daemon [_thread_blocked, id=4740, stack(0x0000000015f80000,0x0000000016080000)]
=>0x000000001472f000 JavaThread "C2 CompilerThread1" daemon [_thread_in_native, id=7860, stack(0x0000000015e80000,0x0000000015f80000)]
  0x0000000014723800 JavaThread "C2 CompilerThread0" daemon [_thread_in_native, id=3528, stack(0x0000000015d80000,0x0000000015e80000)]
  0x0000000014721800 JavaThread "Attach Listener" daemon [_thread_blocked, id=7964, stack(0x0000000015c80000,0x0000000015d80000)]
  0x0000000014720000 JavaThread "Signal Dispatcher" daemon [_thread_blocked, id=6900, stack(0x0000000015b80000,0x0000000015c80000)]
  0x000000001470a800 JavaThread "Finalizer" daemon [_thread_blocked, id=10600, stack(0x0000000015980000,0x0000000015a80000)]
  0x0000000002132000 JavaThread "Reference Handler" daemon [_thread_blocked, id=4016, stack(0x0000000015880000,0x0000000015980000)]

Other Threads:
  0x00000000146e7800 VMThread [stack: 0x0000000015780000,0x0000000015880000] [id=9148]
  0x00000000160dd000 WatcherThread [stack: 0x0000000016580000,0x0000000016680000] [id=9488]

VM state:not at safepoint (normal execution)

VM Mutex/Monitor currently owned by a thread: None

Heap:
 PSYoungGen      total 138752K, used 49415K [0x00000000eb380000, 0x00000000f4b00000, 0x0000000100000000)
  eden space 127488K, 38% used [0x00000000eb380000,0x00000000ee3c1c80,0x00000000f3000000)
  from space 11264K, 0% used [0x00000000f3b00000,0x00000000f3b00000,0x00000000f4600000)
  to   space 11264K, 0% used [0x00000000f3000000,0x00000000f3000000,0x00000000f3b00000)
 ParOldGen       total 51200K, used 9887K [0x00000000c1a00000, 0x00000000c4c00000, 0x00000000eb380000)
  object space 51200K, 19% used [0x00000000c1a00000,0x00000000c23a7cc8,0x00000000c4c00000)
 Metaspace       used 35651K, capacity 38030K, committed 38272K, reserved 1083392K
  class space    used 4731K, capacity 5125K, committed 5248K, reserved 1048576K

Card table byte_map: [0x0000000011500000,0x0000000011700000] byte_map_base: 0x0000000010ef3000

Marking Bits: (ParMarkBitMap*) 0x0000000054e3b6d0
 Begin Bits: [0x0000000011c50000, 0x0000000012be8000)
 End Bits:   [0x0000000012be8000, 0x0000000013b80000)

Polling page: 0x0000000000620000

CodeCache: size=245760Kb used=12496Kb max_used=12510Kb free=233263Kb
 bounds [0x0000000002140000, 0x0000000002d90000, 0x0000000011140000]
 total_blobs=4087 nmethods=3651 adapters=348
 compilation: enabled

Compilation events (10 events):
Event: 8605.004 Thread 0x0000000014735000 4152       3       com.sun.proxy.$Proxy39::<init> (6 bytes)
Event: 8605.004 Thread 0x0000000014735000 nmethod 4152 0x0000000002d7cc10 code [0x0000000002d7cda0, 0x0000000002d7d128]
Event: 8605.009 Thread 0x0000000014735000 4153       1       org.springframework.beans.factory.config.InstantiationAwareBeanPostProcessorAdapter::determineCandidateConstructors (2 bytes)
Event: 8605.009 Thread 0x0000000014735000 nmethod 4153 0x0000000002d7d2d0 code [0x0000000002d7d420, 0x0000000002d7d530]
Event: 8605.010 Thread 0x0000000014735000 4154       3       org.springframework.context.annotation.ConfigurationClassPostProcessor$ImportAwareBeanPostProcessor::postProcessBeforeInitialization (58 bytes)
Event: 8605.012 Thread 0x0000000014735000 nmethod 4154 0x0000000002d7d590 code [0x0000000002d7d880, 0x0000000002d7f168]
Event: 8605.012 Thread 0x0000000014735000 4155       3       org.springframework.boot.context.properties.bind.Bindable::box (60 bytes)
Event: 8605.013 Thread 0x0000000014735000 nmethod 4155 0x0000000002d7fb90 code [0x0000000002d7fde0, 0x0000000002d809b8]
Event: 8605.013 Thread 0x0000000014735000 4156       3       org.springframework.beans.factory.support.DisposableBeanAdapter::hasDestroyMethod (73 bytes)
Event: 8605.014 Thread 0x0000000014735000 nmethod 4156 0x0000000002d80ed0 code [0x0000000002d810c0, 0x0000000002d81d48]

GC Heap History (10 events):
Event: 13.630 GC heap before
{Heap before GC invocations=9 (full 1):
 PSYoungGen      total 72704K, used 72137K [0x00000000eb380000, 0x00000000f2680000, 0x0000000100000000)
  eden space 65536K, 100% used [0x00000000eb380000,0x00000000ef380000,0x00000000ef380000)
  from space 7168K, 92% used [0x00000000ef380000,0x00000000ef9f2758,0x00000000efa80000)
  to   space 8192K, 0% used [0x00000000f1e80000,0x00000000f1e80000,0x00000000f2680000)
 ParOldGen       total 34816K, used 5921K [0x00000000c1a00000, 0x00000000c3c00000, 0x00000000eb380000)
  object space 34816K, 17% used [0x00000000c1a00000,0x00000000c1fc8540,0x00000000c3c00000)
 Metaspace       used 31494K, capacity 33318K, committed 33536K, reserved 1079296K
  class space    used 4192K, capacity 4522K, committed 4608K, reserved 1048576K
Event: 13.659 GC heap after
Heap after GC invocations=9 (full 1):
 PSYoungGen      total 105984K, used 8178K [0x00000000eb380000, 0x00000000f2800000, 0x0000000100000000)
  eden space 97792K, 0% used [0x00000000eb380000,0x00000000eb380000,0x00000000f1300000)
  from space 8192K, 99% used [0x00000000f1e80000,0x00000000f267ca88,0x00000000f2680000)
  to   space 10752K, 0% used [0x00000000f1300000,0x00000000f1300000,0x00000000f1d80000)
 ParOldGen       total 34816K, used 9785K [0x00000000c1a00000, 0x00000000c3c00000, 0x00000000eb380000)
  object space 34816K, 28% used [0x00000000c1a00000,0x00000000c238e560,0x00000000c3c00000)
 Metaspace       used 31494K, capacity 33318K, committed 33536K, reserved 1079296K
  class space    used 4192K, capacity 4522K, committed 4608K, reserved 1048576K
}
Event: 14.448 GC heap before
{Heap before GC invocations=10 (full 1):
 PSYoungGen      total 105984K, used 28281K [0x00000000eb380000, 0x00000000f2800000, 0x0000000100000000)
  eden space 97792K, 20% used [0x00000000eb380000,0x00000000ec721af8,0x00000000f1300000)
  from space 8192K, 99% used [0x00000000f1e80000,0x00000000f267ca88,0x00000000f2680000)
  to   space 10752K, 0% used [0x00000000f1300000,0x00000000f1300000,0x00000000f1d80000)
 ParOldGen       total 34816K, used 9785K [0x00000000c1a00000, 0x00000000c3c00000, 0x00000000eb380000)
  object space 34816K, 28% used [0x00000000c1a00000,0x00000000c238e560,0x00000000c3c00000)
 Metaspace       used 33329K, capacity 35426K, committed 35496K, reserved 1079296K
  class space    used 4463K, capacity 4820K, committed 4864K, reserved 1048576K
Event: 14.460 GC heap after
Heap after GC invocations=10 (full 1):
 PSYoungGen      total 108544K, used 8167K [0x00000000eb380000, 0x00000000f4600000, 0x0000000100000000)
  eden space 97792K, 0% used [0x00000000eb380000,0x00000000eb380000,0x00000000f1300000)
  from space 10752K, 75% used [0x00000000f1300000,0x00000000f1af9ee0,0x00000000f1d80000)
  to   space 11264K, 0% used [0x00000000f3b00000,0x00000000f3b00000,0x00000000f4600000)
 ParOldGen       total 34816K, used 9793K [0x00000000c1a00000, 0x00000000c3c00000, 0x00000000eb380000)
  object space 34816K, 28% used [0x00000000c1a00000,0x00000000c2390560,0x00000000c3c00000)
 Metaspace       used 33329K, capacity 35426K, committed 35496K, reserved 1079296K
  class space    used 4463K, capacity 4820K, committed 4864K, reserved 1048576K
}
Event: 14.460 GC heap before
{Heap before GC invocations=11 (full 2):
 PSYoungGen      total 108544K, used 8167K [0x00000000eb380000, 0x00000000f4600000, 0x0000000100000000)
  eden space 97792K, 0% used [0x00000000eb380000,0x00000000eb380000,0x00000000f1300000)
  from space 10752K, 75% used [0x00000000f1300000,0x00000000f1af9ee0,0x00000000f1d80000)
  to   space 11264K, 0% used [0x00000000f3b00000,0x00000000f3b00000,0x00000000f4600000)
 ParOldGen       total 34816K, used 9793K [0x00000000c1a00000, 0x00000000c3c00000, 0x00000000eb380000)
  object space 34816K, 28% used [0x00000000c1a00000,0x00000000c2390560,0x00000000c3c00000)
 Metaspace       used 33329K, capacity 35426K, committed 35496K, reserved 1079296K
  class space    used 4463K, capacity 4820K, committed 4864K, reserved 1048576K
Event: 14.523 GC heap after
Heap after GC invocations=11 (full 2):
 PSYoungGen      total 108544K, used 0K [0x00000000eb380000, 0x00000000f4600000, 0x0000000100000000)
  eden space 97792K, 0% used [0x00000000eb380000,0x00000000eb380000,0x00000000f1300000)
  from space 10752K, 0% used [0x00000000f1300000,0x00000000f1300000,0x00000000f1d80000)
  to   space 11264K, 0% used [0x00000000f3b00000,0x00000000f3b00000,0x00000000f4600000)
 ParOldGen       total 51200K, used 12240K [0x00000000c1a00000, 0x00000000c4c00000, 0x00000000eb380000)
  object space 51200K, 23% used [0x00000000c1a00000,0x00000000c25f4228,0x00000000c4c00000)
 Metaspace       used 33329K, capacity 35426K, committed 35496K, reserved 1079296K
  class space    used 4463K, capacity 4820K, committed 4864K, reserved 1048576K
}
Event: 8596.572 GC heap before
{Heap before GC invocations=12 (full 2):
 PSYoungGen      total 108544K, used 86787K [0x00000000eb380000, 0x00000000f4600000, 0x0000000100000000)
  eden space 97792K, 88% used [0x00000000eb380000,0x00000000f0840fd0,0x00000000f1300000)
  from space 10752K, 0% used [0x00000000f1300000,0x00000000f1300000,0x00000000f1d80000)
  to   space 11264K, 0% used [0x00000000f3b00000,0x00000000f3b00000,0x00000000f4600000)
 ParOldGen       total 51200K, used 12240K [0x00000000c1a00000, 0x00000000c4c00000, 0x00000000eb380000)
  object space 51200K, 23% used [0x00000000c1a00000,0x00000000c25f4228,0x00000000c4c00000)
 Metaspace       used 35450K, capacity 37680K, committed 38016K, reserved 1081344K
  class space    used 4730K, capacity 5126K, committed 5248K, reserved 1048576K
Event: 8596.716 GC heap after
Heap after GC invocations=12 (full 2):
 PSYoungGen      total 138752K, used 1625K [0x00000000eb380000, 0x00000000f4b00000, 0x0000000100000000)
  eden space 127488K, 0% used [0x00000000eb380000,0x00000000eb380000,0x00000000f3000000)
  from space 11264K, 14% used [0x00000000f3b00000,0x00000000f3c96550,0x00000000f4600000)
  to   space 11264K, 0% used [0x00000000f3000000,0x00000000f3000000,0x00000000f3b00000)
 ParOldGen       total 51200K, used 12248K [0x00000000c1a00000, 0x00000000c4c00000, 0x00000000eb380000)
  object space 51200K, 23% used [0x00000000c1a00000,0x00000000c25f6228,0x00000000c4c00000)
 Metaspace       used 35450K, capacity 37680K, committed 38016K, reserved 1081344K
  class space    used 4730K, capacity 5126K, committed 5248K, reserved 1048576K
}
Event: 8596.716 GC heap before
{Heap before GC invocations=13 (full 3):
 PSYoungGen      total 138752K, used 1625K [0x00000000eb380000, 0x00000000f4b00000, 0x0000000100000000)
  eden space 127488K, 0% used [0x00000000eb380000,0x00000000eb380000,0x00000000f3000000)
  from space 11264K, 14% used [0x00000000f3b00000,0x00000000f3c96550,0x00000000f4600000)
  to   space 11264K, 0% used [0x00000000f3000000,0x00000000f3000000,0x00000000f3b00000)
 ParOldGen       total 51200K, used 12248K [0x00000000c1a00000, 0x00000000c4c00000, 0x00000000eb380000)
  object space 51200K, 23% used [0x00000000c1a00000,0x00000000c25f6228,0x00000000c4c00000)
 Metaspace       used 35450K, capacity 37680K, committed 38016K, reserved 1081344K
  class space    used 4730K, capacity 5126K, committed 5248K, reserved 1048576K
Event: 8597.134 GC heap after
Heap after GC invocations=13 (full 3):
 PSYoungGen      total 138752K, used 0K [0x00000000eb380000, 0x00000000f4b00000, 0x0000000100000000)
  eden space 127488K, 0% used [0x00000000eb380000,0x00000000eb380000,0x00000000f3000000)
  from space 11264K, 0% used [0x00000000f3b00000,0x00000000f3b00000,0x00000000f4600000)
  to   space 11264K, 0% used [0x00000000f3000000,0x00000000f3000000,0x00000000f3b00000)
 ParOldGen       total 51200K, used 9887K [0x00000000c1a00000, 0x00000000c4c00000, 0x00000000eb380000)
  object space 51200K, 19% used [0x00000000c1a00000,0x00000000c23a7cc8,0x00000000c4c00000)
 Metaspace       used 35329K, capacity 37486K, committed 38016K, reserved 1081344K
  class space    used 4709K, capacity 5089K, committed 5248K, reserved 1048576K
}

Deoptimization events (10 events):
Event: 8597.912 Thread 0x0000000016a20800 Uncommon trap: reason=array_check action=maybe_recompile pc=0x0000000002640bec method=java.util.AbstractCollection.toArray([Ljava/lang/Object;)[Ljava/lang/Object; @ 119
Event: 8597.912 Thread 0x0000000016a20800 Uncommon trap: reason=array_check action=maybe_recompile pc=0x0000000002640bec method=java.util.AbstractCollection.toArray([Ljava/lang/Object;)[Ljava/lang/Object; @ 119
Event: 8597.926 Thread 0x0000000016a20800 Uncommon trap: reason=unstable_if action=reinterpret pc=0x0000000002c6bc98 method=org.springframework.core.annotation.TypeMappedAnnotations$MergedAnnotationFinder.process(Ljava/lang/Object;ILjava/lang/Object;Ljava/lang/annotation/Annotation;)Lorg/springfr
Event: 8597.929 Thread 0x0000000016a20800 Uncommon trap: reason=unstable_if action=reinterpret pc=0x0000000002845c30 method=org.springframework.beans.factory.support.AbstractBeanFactory.isFactoryBean(Ljava/lang/String;Lorg/springframework/beans/factory/support/RootBeanDefinition;)Z @ 38
Event: 8597.929 Thread 0x0000000016a20800 Uncommon trap: reason=unstable_if action=reinterpret pc=0x0000000002ce93e0 method=org.springframework.beans.factory.support.AbstractBeanFactory.isTypeMatch(Ljava/lang/String;Lorg/springframework/core/ResolvableType;Z)Z @ 466
Event: 8598.923 Thread 0x0000000016a20800 Uncommon trap: reason=unstable_if action=reinterpret pc=0x000000000267469c method=org.springframework.boot.autoconfigure.AutoConfigurationSorter$AutoConfigurationClass.getBefore()Ljava/util/Set; @ 4
Event: 8600.385 Thread 0x0000000016a20800 Uncommon trap: reason=unstable_if action=reinterpret pc=0x00000000028ab1f0 method=java.net.URLClassLoader.definePackageInternal(Ljava/lang/String;Ljava/util/jar/Manifest;Ljava/net/URL;)V @ 11
Event: 8604.976 Thread 0x0000000016a20800 Uncommon trap: reason=bimorphic action=maybe_recompile pc=0x0000000002841674 method=java.util.Collections$SetFromMap.contains(Ljava/lang/Object;)Z @ 5
Event: 8604.980 Thread 0x0000000016a20800 Uncommon trap: reason=unstable_if action=reinterpret pc=0x00000000029caa28 method=org.springframework.boot.context.properties.source.ConfigurationPropertyName.dashIgnoringElementEquals(Lorg/springframework/boot/context/properties/source/ConfigurationPrope
Event: 8605.015 Thread 0x0000000016a20800 Uncommon trap: reason=unstable_if action=reinterpret pc=0x0000000002674070 method=java.io.File.getName()Ljava/lang/String; @ 16

Internal exceptions (10 events):
Event: 25.927 Thread 0x0000000018039000 Exception <a 'java/lang/NoSuchMethodError': java.lang.Object.lambda$builder$1(Ljava/lang/String;)Lio/micrometer/core/instrument/Timer$Builder;> (0x00000000ec36f1f0) thrown at [C:\re\workspace\8-2-build-windows-amd64-cygwin\jdk8u121\8372\hotspot\src\share\
Event: 7816.854 Thread 0x000000001ac0b800 Implicit null exception at 0x00000000022db05f to 0x00000000022de9c1
Event: 7906.695 Thread 0x000000001ac0b800 Implicit null exception at 0x0000000002636f47 to 0x0000000002637205
Event: 8596.412 Thread 0x0000000016a1d800 Implicit null exception at 0x000000000241e996 to 0x000000000241ed39
Event: 8596.501 Thread 0x000000001823b000 Exception <a 'java/lang/InterruptedException': sleep interrupted> (0x00000000f079e040) thrown at [C:\re\workspace\8-2-build-windows-amd64-cygwin\jdk8u121\8372\hotspot\src\share\vm\prims\jvm.cpp, line 3228]
Event: 8597.760 Thread 0x0000000016a20800 Implicit null exception at 0x0000000002932900 to 0x0000000002932d6d
Event: 8597.763 Thread 0x0000000016a20800 Implicit null exception at 0x0000000002c758f1 to 0x0000000002c80325
Event: 8597.765 Thread 0x0000000016a20800 Implicit null exception at 0x0000000002b9f103 to 0x0000000002b9f66d
Event: 8597.833 Thread 0x0000000016a20800 Exception <a 'java/io/FileNotFoundException'> (0x00000000eb777160) thrown at [C:\re\workspace\8-2-build-windows-amd64-cygwin\jdk8u121\8372\hotspot\src\share\vm\prims\jni.cpp, line 709]
Event: 8597.919 Thread 0x0000000016a20800 Exception <a 'java/lang/NoClassDefFoundError': org/springframework/jdbc/CannotGetJdbcConnectionException> (0x00000000eba39198) thrown at [C:\re\workspace\8-2-build-windows-amd64-cygwin\jdk8u121\8372\hotspot\src\share\vm\classfile\systemDictionary.cpp, lin

Events (10 events):
Event: 8604.980 Thread 0x0000000016a20800 Uncommon trap: trap_request=0xffffff65 fr.pc=0x00000000029caa28
Event: 8604.980 Thread 0x0000000016a20800 DEOPT PACKING pc=0x00000000029caa28 sp=0x00000000172bb350
Event: 8604.980 Thread 0x0000000016a20800 DEOPT UNPACKING pc=0x000000000218582a sp=0x00000000172bb128 mode 2
Event: 8605.015 Executing VM operation: RevokeBias
Event: 8605.015 Executing VM operation: RevokeBias done
Event: 8605.015 Thread 0x0000000016a20800 Uncommon trap: trap_request=0xffffff65 fr.pc=0x0000000002674070
Event: 8605.015 Thread 0x0000000016a20800 DEOPT PACKING pc=0x0000000002674070 sp=0x00000000172bdff0
Event: 8605.015 Thread 0x0000000016a20800 DEOPT UNPACKING pc=0x000000000218582a sp=0x00000000172bdfd8 mode 2
Event: 8605.053 Executing VM operation: RevokeBias
Event: 8605.054 Executing VM operation: RevokeBias done


Dynamic libraries:
0x00007ff709dc0000 - 0x00007ff709df7000 	C:\Program Files\Java\jre1.8.0_121\bin\javaw.exe
0x00007ffaecee0000 - 0x00007ffaed0d0000 	C:\WINDOWS\SYSTEM32\ntdll.dll
0x00007ffad82a0000 - 0x00007ffad82b5000 	C:\Program Files\AVAST Software\Avast\aswhook.dll
0x00007ffaeb4f0000 - 0x00007ffaeb5a2000 	C:\WINDOWS\System32\KERNEL32.DLL
0x00007ffaea9c0000 - 0x00007ffaeac63000 	C:\WINDOWS\System32\KERNELBASE.dll
0x00007ffaeba40000 - 0x00007ffaebae3000 	C:\WINDOWS\System32\ADVAPI32.dll
0x00007ffaec780000 - 0x00007ffaec81e000 	C:\WINDOWS\System32\msvcrt.dll
0x00007ffaecd30000 - 0x00007ffaecdc7000 	C:\WINDOWS\System32\sechost.dll
0x00007ffaecb60000 - 0x00007ffaecc80000 	C:\WINDOWS\System32\RPCRT4.dll
0x00007ffaeaf90000 - 0x00007ffaeb124000 	C:\WINDOWS\System32\USER32.dll
0x00007ffaeaf60000 - 0x00007ffaeaf81000 	C:\WINDOWS\System32\win32u.dll
0x00007ffaeb710000 - 0x00007ffaeb736000 	C:\WINDOWS\System32\GDI32.dll
0x00007ffaeadc0000 - 0x00007ffaeaf54000 	C:\WINDOWS\System32\gdi32full.dll
0x00007ffae9e70000 - 0x00007ffae9f0e000 	C:\WINDOWS\System32\msvcp_win.dll
0x00007ffae9ff0000 - 0x00007ffaea0ea000 	C:\WINDOWS\System32\ucrtbase.dll
0x00007ffad7c40000 - 0x00007ffad7ec5000 	C:\WINDOWS\WinSxS\amd64_microsoft.windows.common-controls_6595b64144ccf1df_6.0.18362.778_none_e6c6b761130d4fb8\COMCTL32.dll
0x00007ffaec820000 - 0x00007ffaecb56000 	C:\WINDOWS\System32\combase.dll
0x00007ffae9f10000 - 0x00007ffae9f90000 	C:\WINDOWS\System32\bcryptPrimitives.dll
0x00007ffaeba10000 - 0x00007ffaeba3e000 	C:\WINDOWS\System32\IMM32.DLL
0x0000000056340000 - 0x0000000056412000 	C:\Program Files\Java\jre1.8.0_121\bin\msvcr100.dll
0x0000000054620000 - 0x0000000054ebb000 	C:\Program Files\Java\jre1.8.0_121\bin\server\jvm.dll
0x00007ffaeb5b0000 - 0x00007ffaeb5b8000 	C:\WINDOWS\System32\PSAPI.DLL
0x00007ffae00d0000 - 0x00007ffae00d9000 	C:\WINDOWS\SYSTEM32\WSOCK32.dll
0x00007ffaeb740000 - 0x00007ffaeb7af000 	C:\WINDOWS\System32\WS2_32.dll
0x00007ffadeb80000 - 0x00007ffadeba4000 	C:\WINDOWS\SYSTEM32\WINMM.dll
0x00007ffae4320000 - 0x00007ffae432a000 	C:\WINDOWS\SYSTEM32\VERSION.dll
0x00007ffadeb50000 - 0x00007ffadeb7d000 	C:\WINDOWS\SYSTEM32\WINMMBASE.dll
0x00007ffaeaca0000 - 0x00007ffaeacea000 	C:\WINDOWS\System32\cfgmgr32.dll
0x0000000056610000 - 0x000000005661f000 	C:\Program Files\Java\jre1.8.0_121\bin\verify.dll
0x00000000565e0000 - 0x0000000056609000 	C:\Program Files\Java\jre1.8.0_121\bin\java.dll
0x00000000565c0000 - 0x00000000565d6000 	C:\Program Files\Java\jre1.8.0_121\bin\zip.dll
0x00007ffaebb50000 - 0x00007ffaec235000 	C:\WINDOWS\System32\SHELL32.dll
0x00007ffaeb810000 - 0x00007ffaeb8b9000 	C:\WINDOWS\System32\shcore.dll
0x00007ffaea0f0000 - 0x00007ffaea870000 	C:\WINDOWS\System32\windows.storage.dll
0x00007ffae9e40000 - 0x00007ffae9e63000 	C:\WINDOWS\System32\profapi.dll
0x00007ffae9df0000 - 0x00007ffae9e3a000 	C:\WINDOWS\System32\powrprof.dll
0x00007ffae9da0000 - 0x00007ffae9db0000 	C:\WINDOWS\System32\UMPDC.dll
0x00007ffaeb6b0000 - 0x00007ffaeb702000 	C:\WINDOWS\System32\shlwapi.dll
0x00007ffae9db0000 - 0x00007ffae9dc1000 	C:\WINDOWS\System32\kernel.appcore.dll
0x00007ffaeada0000 - 0x00007ffaeadb7000 	C:\WINDOWS\System32\cryptsp.dll
0x0000000056420000 - 0x000000005642d000 	C:\Program Files\Java\jre1.8.0_121\bin\management.dll
0x00000000565a0000 - 0x00000000565ba000 	C:\Program Files\Java\jre1.8.0_121\bin\net.dll
0x00007ffae9610000 - 0x00007ffae9677000 	C:\WINDOWS\system32\mswsock.dll
0x00007ffadb3c0000 - 0x00007ffadb3d6000 	C:\WINDOWS\system32\napinsp.dll
0x00007ffadb3a0000 - 0x00007ffadb3ba000 	C:\WINDOWS\system32\pnrpnsp.dll
0x00007ffae93b0000 - 0x00007ffae947a000 	C:\WINDOWS\SYSTEM32\DNSAPI.dll
0x00007ffaeba00000 - 0x00007ffaeba08000 	C:\WINDOWS\System32\NSI.dll
0x00007ffae9320000 - 0x00007ffae935a000 	C:\WINDOWS\SYSTEM32\IPHLPAPI.DLL
0x00007ffadb390000 - 0x00007ffadb39e000 	C:\WINDOWS\System32\winrnr.dll
0x00007ffae4760000 - 0x00007ffae477c000 	C:\WINDOWS\system32\NLAapi.dll
0x00007ffae2ea0000 - 0x00007ffae2eb5000 	C:\WINDOWS\system32\wshbth.dll
0x00007ffae0a30000 - 0x00007ffae0a3a000 	C:\Windows\System32\rasadhlp.dll
0x00007ffae3000000 - 0x00007ffae3077000 	C:\WINDOWS\System32\fwpuclnt.dll
0x00007ffaeac70000 - 0x00007ffaeac96000 	C:\WINDOWS\System32\bcrypt.dll
0x0000000056580000 - 0x0000000056591000 	C:\Program Files\Java\jre1.8.0_121\bin\nio.dll
0x00007ffae9180000 - 0x00007ffae91b3000 	C:\WINDOWS\system32\rsaenh.dll
0x00007ffae9c90000 - 0x00007ffae9cb5000 	C:\WINDOWS\SYSTEM32\USERENV.dll
0x00007ffae97e0000 - 0x00007ffae97ec000 	C:\WINDOWS\SYSTEM32\CRYPTBASE.dll
0x00007ffae30e0000 - 0x00007ffae30f6000 	C:\WINDOWS\SYSTEM32\dhcpcsvc6.DLL
0x00007ffae3190000 - 0x00007ffae31ac000 	C:\WINDOWS\SYSTEM32\dhcpcsvc.DLL

VM Arguments:
jvm_args: -Dfile.encoding=UTF-8 
java_command: com.example.demo.DemoApplication
java_class_path (initial): C:\Users\siva\SpringBoot\demo-application\target\classes;C:\Users\siva\.m2\repository\org\springframework\boot\spring-boot-starter-actuator\2.2.6.RELEASE\spring-boot-starter-actuator-2.2.6.RELEASE.jar;C:\Users\siva\.m2\repository\org\springframework\boot\spring-boot-starter\2.2.6.RELEASE\spring-boot-starter-2.2.6.RELEASE.jar;C:\Users\siva\.m2\repository\org\springframework\boot\spring-boot-starter-logging\2.2.6.RELEASE\spring-boot-starter-logging-2.2.6.RELEASE.jar;C:\Users\siva\.m2\repository\ch\qos\logback\logback-classic\1.2.3\logback-classic-1.2.3.jar;C:\Users\siva\.m2\repository\ch\qos\logback\logback-core\1.2.3\logback-core-1.2.3.jar;C:\Users\siva\.m2\repository\org\apache\logging\log4j\log4j-to-slf4j\2.12.1\log4j-to-slf4j-2.12.1.jar;C:\Users\siva\.m2\repository\org\apache\logging\log4j\log4j-api\2.12.1\log4j-api-2.12.1.jar;C:\Users\siva\.m2\repository\org\slf4j\jul-to-slf4j\1.7.30\jul-to-slf4j-1.7.30.jar;C:\Users\siva\.m2\repository\jakarta\annotation\jakarta.annotation-api\1.3.5\jakarta.annotation-api-1.3.5.jar;C:\Users\siva\.m2\repository\org\yaml\snakeyaml\1.25\snakeyaml-1.25.jar;C:\Users\siva\.m2\repository\org\springframework\boot\spring-boot-actuator-autoconfigure\2.2.6.RELEASE\spring-boot-actuator-autoconfigure-2.2.6.RELEASE.jar;C:\Users\siva\.m2\repository\org\springframework\boot\spring-boot-actuator\2.2.6.RELEASE\spring-boot-actuator-2.2.6.RELEASE.jar;C:\Users\siva\.m2\repository\com\fasterxml\jackson\core\jackson-databind\2.10.3\jackson-databind-2.10.3.jar;C:\Users\siva\.m2\repository\com\fasterxml\jackson\core\jackson-annotations\2.10.3\jackson-annotations-2.10.3.jar;C:\Users\siva\.m2\repository\com\fasterxml\jackson\core\jackson-core\2.10.3\jackson-core-2.10.3.jar;C:\Users\siva\.m2\repository\org\springframework\spring-context\5.2.5.RELEASE\spring-context-5.2.5.RELEASE.jar;C:\Users\siva\.m2\repository\com\fasterxml\jackson\datatype\jackson-datatype-jsr310\2.10.3\jackson-datatype-jsr310-2.10.3.jar;C:\Users\siva\.m2\repo
Launcher Type: SUN_STANDARD

Environment Variables:
JAVA_HOME=C:\Program Files\Java\jdk1.8.0_91
PATH=C:/Program Files/Java/jre1.8.0_121/bin/server;C:/Program Files/Java/jre1.8.0_121/bin;C:/Program Files/Java/jre1.8.0_121/lib/amd64;C:\Program Files (x86)\Common Files\Oracle\Java\javapath;C:\ProgramData\Oracle\Java\javapath;C:\Program Files (x86)\Lenovo\FusionEngine;C:\Program Files (x86)\Intel\iCLS Client\;C:\Program Files\Intel\iCLS Client\;C:\Program Files (x86)\NVIDIA Corporation\PhysX\Common;C:\WINDOWS\system32;C:\WINDOWS;C:\WINDOWS\System32\Wbem;C:\WINDOWS\System32\WindowsPowerShell\v1.0\;C:\Program Files (x86)\Common Files\lenovo\easyplussdk\bin;C:\Program Files\Java\jdk1.7.0\bin;C:\Program Files\Intel\WiFi\bin\;C:\Program Files\Common Files\Intel\WirelessCommon\;C:\apache-maven-3.0.3\bin;C:\Program Files (x86)\Skype\Phone\;C:\WINDOWS\System32\OpenSSH\;C:\Program Files\Intel\Intel(R) Management Engine Components\DAL;C:\Program Files\Intel\Intel(R) Management Engine Components\IPT;C:\Program Files (x86)\Intel\Intel(R) Management Engine Components\DAL;C:\Program Files (x86)\Intel\Intel(R) Management Engine Components\IPT;C:\Program Files\PuTTY\;C:\Program Files\Amazon\AWSCLI\bin\;C:\Program Files\nodejs\;C:\Program Files\Git\cmd;C:\Users\siva\AppData\Local\Microsoft\WindowsApps;C:\Users\siva\AppData\Roaming\npm;C:\Users\siva\AppData\Local\Programs\Microsoft VS Code\bin;;C:\Users\siva\Desktop;
USERNAME=siva
OS=Windows_NT
PROCESSOR_IDENTIFIER=Intel64 Family 6 Model 69 Stepping 1, GenuineIntel



---------------  S Y S T E M  ---------------

OS: Windows 10.0 , 64 bit Build 18362 (10.0.18362.778)

CPU:total 4 (2 cores per cpu, 2 threads per core) family 6 model 69 stepping 1, cmov, cx8, fxsr, mmx, sse, sse2, sse3, ssse3, sse4.1, sse4.2, popcnt, avx, avx2, aes, clmul, erms, lzcnt, ht, tsc, tscinvbit, bmi1, bmi2

Memory: 4k page, physical 4083992k(566864k free), swap 5511448k(7916k free)

vm_info: Java HotSpot(TM) 64-Bit Server VM (25.121-b13) for windows-amd64 JRE (1.8.0_121-b13), built on Dec 12 2016 18:21:36 by "java_re" with MS VC++ 10.0 (VS2010)

time: Wed Apr 22 15:12:24 2020
elapsed time: 8605 seconds (0d 2h 23m 25s)

